# JRE version: OpenJDK Runtime Environment (7.0_65-b32) (build 1.7.0_65-b32)
# Java VM: OpenJDK 64-Bit Server VM (24.65-b04 mixed mode linux-amd64 compressed oops)
Heap
 PSYoungGen      total 418304K, used 317221K [0x00000007d7500000, 0x0000000800000000, 0x0000000800000000)
  eden space 237056K, 68% used [0x00000007d7500000,0x00000007e1280ae8,0x00000007e5c80000)
  from space 181248K, 86% used [0x00000007e5c80000,0x00000007ef4c8a90,0x00000007f0d80000)
  to   space 204288K, 0% used [0x00000007f3880000,0x00000007f3880000,0x0000000800000000)
 ParOldGen       total 448512K, used 270756K [0x0000000786000000, 0x00000007a1600000, 0x00000007d7500000)
  object space 448512K, 60% used [0x0000000786000000,0x0000000796869228,0x00000007a1600000)
 PSPermGen       total 45056K, used 44933K [0x000000077ba00000, 0x000000077e600000, 0x0000000786000000)
  object space 45056K, 99% used [0x000000077ba00000,0x000000077e5e16b0,0x000000077e600000)
GC Heap History (10 events):
Event: 4.294 GC heap before
{Heap before GC invocations=12 (full 3):
 PSYoungGen      total 270848K, used 72185K [0x00000007d7500000, 0x00000007f8e80000, 0x0000000800000000)
  eden space 198656K, 0% used [0x00000007d7500000,0x00000007d7500000,0x00000007e3700000)
  from space 72192K, 99% used [0x00000007e3700000,0x00000007e7d7e4b0,0x00000007e7d80000)
  to   space 137728K, 0% used [0x00000007f0800000,0x00000007f0800000,0x00000007f8e80000)
 ParOldGen       total 261120K, used 260085K [0x0000000786000000, 0x0000000795f00000, 0x00000007d7500000)
  object space 261120K, 99% used [0x0000000786000000,0x0000000795dfd438,0x0000000795f00000)
 PSPermGen       total 35840K, used 18597K [0x000000077ba00000, 0x000000077dd00000, 0x0000000786000000)
  object space 35840K, 51% used [0x000000077ba00000,0x000000077cc29730,0x000000077dd00000)
Event: 4.515 GC heap after
Heap after GC invocations=12 (full 3):
 PSYoungGen      total 270848K, used 71113K [0x00000007d7500000, 0x00000007f8e80000, 0x0000000800000000)
  eden space 198656K, 0% used [0x00000007d7500000,0x00000007d7500000,0x00000007e3700000)
  from space 72192K, 98% used [0x00000007e3700000,0x00000007e7c72660,0x00000007e7d80000)
  to   space 137728K, 0% used [0x00000007f0800000,0x00000007f0800000,0x00000007f8e80000)
 ParOldGen       total 448512K, used 260819K [0x0000000786000000, 0x00000007a1600000, 0x00000007d7500000)
  object space 448512K, 58% used [0x0000000786000000,0x0000000795eb4e18,0x00000007a1600000)
 PSPermGen       total 36352K, used 18597K [0x000000077ba00000, 0x000000077dd80000, 0x0000000786000000)
  object space 36352K, 51% used [0x000000077ba00000,0x000000077cc294c0,0x000000077dd80000)
}
Event: 6.088 GC heap before
{Heap before GC invocations=13 (full 3):
 PSYoungGen      total 270848K, used 269769K [0x00000007d7500000, 0x00000007f8e80000, 0x0000000800000000)
  eden space 198656K, 100% used [0x00000007d7500000,0x00000007e3700000,0x00000007e3700000)
  from space 72192K, 98% used [0x00000007e3700000,0x00000007e7c72660,0x00000007e7d80000)
  to   space 137728K, 0% used [0x00000007f0800000,0x00000007f0800000,0x00000007f8e80000)
 ParOldGen       total 448512K, used 260819K [0x0000000786000000, 0x00000007a1600000, 0x00000007d7500000)
  object space 448512K, 58% used [0x0000000786000000,0x0000000795eb4e18,0x00000007a1600000)
 PSPermGen       total 36352K, used 23616K [0x000000077ba00000, 0x000000077dd80000, 0x0000000786000000)
  object space 36352K, 64% used [0x000000077ba00000,0x000000077d1100f8,0x000000077dd80000)
Event: 6.149 GC heap after
Heap after GC invocations=13 (full 3):
 PSYoungGen      total 337920K, used 94310K [0x00000007d7500000, 0x00000007f7380000, 0x0000000800000000)
  eden space 227840K, 0% used [0x00000007d7500000,0x00000007d7500000,0x00000007e5380000)
  from space 110080K, 85% used [0x00000007f0800000,0x00000007f6419bc8,0x00000007f7380000)
  to   space 147456K, 0% used [0x00000007e5380000,0x00000007e5380000,0x00000007ee380000)
 ParOldGen       total 448512K, used 270756K [0x0000000786000000, 0x00000007a1600000, 0x00000007d7500000)
  object space 448512K, 60% used [0x0000000786000000,0x0000000796869228,0x00000007a1600000)
 PSPermGen       total 36352K, used 23616K [0x000000077ba00000, 0x000000077dd80000, 0x0000000786000000)
  object space 36352K, 64% used [0x000000077ba00000,0x000000077d1100f8,0x000000077dd80000)
}
Event: 7.406 GC heap before
{Heap before GC invocations=14 (full 3):
 PSYoungGen      total 337920K, used 322150K [0x00000007d7500000, 0x00000007f7380000, 0x0000000800000000)
  eden space 227840K, 100% used [0x00000007d7500000,0x00000007e5380000,0x00000007e5380000)
  from space 110080K, 85% used [0x00000007f0800000,0x00000007f6419bc8,0x00000007f7380000)
  to   space 147456K, 0% used [0x00000007e5380000,0x00000007e5380000,0x00000007ee380000)
 ParOldGen       total 448512K, used 270756K [0x0000000786000000, 0x00000007a1600000, 0x00000007d7500000)
  object space 448512K, 60% used [0x0000000786000000,0x0000000796869228,0x00000007a1600000)
 PSPermGen       total 36352K, used 29507K [0x000000077ba00000, 0x000000077dd80000, 0x0000000786000000)
  object space 36352K, 81% used [0x000000077ba00000,0x000000077d6d0cc0,0x000000077dd80000)
Event: 7.467 GC heap after
Heap after GC invocations=14 (full 3):
 PSYoungGen      total 375296K, used 106201K [0x00000007d7500000, 0x00000007fa980000, 0x0000000800000000)
  eden space 227840K, 0% used [0x00000007d7500000,0x00000007d7500000,0x00000007e5380000)
  from space 147456K, 72% used [0x00000007e5380000,0x00000007ebb36580,0x00000007ee380000)
  to   space 159744K, 0% used [0x00000007f0d80000,0x00000007f0d80000,0x00000007fa980000)
 ParOldGen       total 448512K, used 270756K [0x0000000786000000, 0x00000007a1600000, 0x00000007d7500000)
  object space 448512K, 60% used [0x0000000786000000,0x0000000796869228,0x00000007a1600000)
 PSPermGen       total 36352K, used 29507K [0x000000077ba00000, 0x000000077dd80000, 0x0000000786000000)
  object space 36352K, 81% used [0x000000077ba00000,0x000000077d6d0cc0,0x000000077dd80000)
}
Event: 8.694 GC heap before
{Heap before GC invocations=15 (full 3):
 PSYoungGen      total 375296K, used 334041K [0x00000007d7500000, 0x00000007fa980000, 0x0000000800000000)
  eden space 227840K, 100% used [0x00000007d7500000,0x00000007e5380000,0x00000007e5380000)
  from space 147456K, 72% used [0x00000007e5380000,0x00000007ebb36580,0x00000007ee380000)
  to   space 159744K, 0% used [0x00000007f0d80000,0x00000007f0d80000,0x00000007fa980000)
 ParOldGen       total 448512K, used 270756K [0x0000000786000000, 0x00000007a1600000, 0x00000007d7500000)
  object space 448512K, 60% used [0x0000000786000000,0x0000000796869228,0x00000007a1600000)
 PSPermGen       total 36352K, used 33758K [0x000000077ba00000, 0x000000077dd80000, 0x0000000786000000)
  object space 36352K, 92% used [0x000000077ba00000,0x000000077daf7910,0x000000077dd80000)
Event: 8.771 GC heap after
Heap after GC invocations=15 (full 3):
 PSYoungGen      total 396800K, used 140220K [0x00000007d7500000, 0x00000007fd280000, 0x0000000800000000)
  eden space 237056K, 0% used [0x00000007d7500000,0x00000007d7500000,0x00000007e5c80000)
  from space 159744K, 87% used [0x00000007f0d80000,0x00000007f966f2b8,0x00000007fa980000)
  to   space 181248K, 0% used [0x00000007e5c80000,0x00000007e5c80000,0x00000007f0d80000)
 ParOldGen       total 448512K, used 270756K [0x0000000786000000, 0x00000007a1600000, 0x00000007d7500000)
  object space 448512K, 60% used [0x0000000786000000,0x0000000796869228,0x00000007a1600000)
 PSPermGen       total 36352K, used 33758K [0x000000077ba00000, 0x000000077dd80000, 0x0000000786000000)
  object space 36352K, 92% used [0x000000077ba00000,0x000000077daf7910,0x000000077dd80000)
}
Event: 10.455 GC heap before
{Heap before GC invocations=16 (full 3):
 PSYoungGen      total 396800K, used 377276K [0x00000007d7500000, 0x00000007fd280000, 0x0000000800000000)
  eden space 237056K, 100% used [0x00000007d7500000,0x00000007e5c80000,0x00000007e5c80000)
  from space 159744K, 87% used [0x00000007f0d80000,0x00000007f966f2b8,0x00000007fa980000)
  to   space 181248K, 0% used [0x00000007e5c80000,0x00000007e5c80000,0x00000007f0d80000)
 ParOldGen       total 448512K, used 270756K [0x0000000786000000, 0x00000007a1600000, 0x00000007d7500000)
  object space 448512K, 60% used [0x0000000786000000,0x0000000796869228,0x00000007a1600000)
 PSPermGen       total 41984K, used 41484K [0x000000077ba00000, 0x000000077e300000, 0x0000000786000000)
  object space 41984K, 98% used [0x000000077ba00000,0x000000077e2830b8,0x000000077e300000)
Event: 10.536 GC heap after
Heap after GC invocations=16 (full 3):
 PSYoungGen      total 418304K, used 155938K [0x00000007d7500000, 0x0000000800000000, 0x0000000800000000)
  eden space 237056K, 0% used [0x00000007d7500000,0x00000007d7500000,0x00000007e5c80000)
  from space 181248K, 86% used [0x00000007e5c80000,0x00000007ef4c8a90,0x00000007f0d80000)
  to   space 204288K, 0% used [0x00000007f3880000,0x00000007f3880000,0x0000000800000000)
 ParOldGen       total 448512K, used 270756K [0x0000000786000000, 0x00000007a1600000, 0x00000007d7500000)
  object space 448512K, 60% used [0x0000000786000000,0x0000000796869228,0x00000007a1600000)
 PSPermGen       total 41984K, used 41484K [0x000000077ba00000, 0x000000077e300000, 0x0000000786000000)
  object space 41984K, 98% used [0x000000077ba00000,0x000000077e2830b8,0x000000077e300000)
}

